{0.804,0.552,0.221,0.032},
{0.828,0.507,0.237,0.034},
{0.805,0.548,0.223,0.034},
{0.800,0.539,0.261,0.035},
{0.791,0.569,0.221,0.032},
{0.784,0.566,0.247,0.058},
{0.780,0.577,0.237,0.051},
{0.802,0.545,0.241,0.032},
{0.806,0.532,0.257,0.037},
{0.818,0.518,0.250,0.017},
{0.804,0.551,0.223,0.030},
{0.787,0.557,0.262,0.033},
{0.823,0.514,0.240,0.017},
{0.803,0.560,0.205,0.019},
{0.811,0.559,0.168,0.028},
{0.774,0.597,0.204,0.054},
{0.794,0.574,0.191,0.059},
{0.803,0.551,0.221,0.047},
{0.807,0.538,0.241,0.042},
{0.780,0.581,0.229,0.046},
{0.817,0.515,0.257,0.030},
{0.786,0.570,0.231,0.062},
{0.776,0.607,0.169,0.034},
{0.806,0.522,0.269,0.079},
{0.776,0.550,0.307,0.032},
{0.826,0.496,0.264,0.033},
{0.798,0.542,0.255,0.064},
{0.806,0.543,0.233,0.031},
{0.816,0.534,0.220,0.031},
{0.795,0.541,0.271,0.034},
{0.808,0.522,0.269,0.034},
{0.822,0.518,0.228,0.061},
{0.766,0.604,0.221,0.015},
{0.779,0.595,0.198,0.028},
{0.818,0.518,0.250,0.017},
{0.825,0.528,0.198,0.033},
{0.827,0.526,0.195,0.030},
{0.818,0.518,0.250,0.017},
{0.802,0.547,0.237,0.036},
{0.808,0.539,0.238,0.032},
{0.800,0.560,0.208,0.048},
{0.861,0.440,0.249,0.057},
{0.786,0.572,0.232,0.036},
{0.789,0.552,0.252,0.095},
{0.767,0.571,0.286,0.060},
{0.822,0.514,0.240,0.051},
{0.777,0.579,0.244,0.030},
{0.796,0.554,0.242,0.035},
{0.798,0.557,0.226,0.030},
{0.812,0.536,0.227,0.032},
{0.767,0.351,0.515,0.153},
{0.745,0.373,0.524,0.175},
{0.755,0.339,0.536,0.164},
{0.754,0.315,0.548,0.178},
{0.758,0.327,0.537,0.175},
{0.722,0.355,0.570,0.165},
{0.726,0.380,0.542,0.184},
{0.759,0.372,0.511,0.155},
{0.763,0.335,0.532,0.150},
{0.725,0.376,0.543,0.195},
{0.769,0.308,0.538,0.154},
{0.739,0.376,0.526,0.188},
{0.789,0.289,0.526,0.131},
{0.731,0.347,0.563,0.168},
{0.759,0.393,0.488,0.176},
{0.769,0.356,0.505,0.161},
{0.706,0.378,0.568,0.189},
{0.757,0.352,0.535,0.130},
{0.764,0.271,0.555,0.185},
{0.762,0.340,0.531,0.150},
{0.699,0.379,0.568,0.213},
{0.770,0.353,0.505,0.164},
{0.741,0.294,0.577,0.177},
{0.737,0.338,0.568,0.145},
{0.767,0.348,0.516,0.156},
{0.768,0.349,0.512,0.163},
{0.765,0.315,0.540,0.157},
{0.741,0.332,0.553,0.188},
{0.734,0.355,0.550,0.183},
{0.787,0.359,0.483,0.138},
{0.765,0.334,0.529,0.153},
{0.772,0.337,0.520,0.140},
{0.764,0.356,0.514,0.158},
{0.708,0.319,0.602,0.189},
{0.693,0.385,0.578,0.193},
{0.715,0.405,0.536,0.191},
{0.755,0.349,0.529,0.169},
{0.775,0.283,0.541,0.160},
{0.730,0.391,0.534,0.169},
{0.747,0.340,0.543,0.177},
{0.723,0.342,0.579,0.158},
{0.733,0.360,0.552,0.168},
{0.763,0.342,0.526,0.158},
{0.770,0.354,0.508,0.154},
{0.735,0.355,0.552,0.171},
{0.732,0.385,0.540,0.154},
{0.734,0.374,0.541,0.168},
{0.757,0.354,0.525,0.159},
{0.783,0.384,0.460,0.169},
{0.743,0.365,0.535,0.169},
{0.654,0.343,0.623,0.259},
{0.691,0.321,0.607,0.226},
{0.715,0.302,0.594,0.211},
{0.693,0.319,0.616,0.198},
{0.686,0.317,0.612,0.232},
{0.710,0.280,0.616,0.196},
{0.671,0.342,0.616,0.233},
{0.714,0.284,0.616,0.176},
{0.714,0.266,0.618,0.192},
{0.692,0.346,0.586,0.240},
{0.716,0.352,0.561,0.220},
{0.716,0.302,0.593,0.212},
{0.717,0.316,0.580,0.221},
{0.693,0.304,0.608,0.243},
{0.678,0.327,0.596,0.280},
{0.696,0.348,0.576,0.250},
{0.706,0.326,0.597,0.196},
{0.693,0.342,0.603,0.198},
{0.706,0.238,0.633,0.211},
{0.727,0.267,0.606,0.182},
{0.706,0.327,0.583,0.235},
{0.683,0.342,0.598,0.244},
{0.715,0.260,0.622,0.186},
{0.731,0.313,0.569,0.209},
{0.696,0.343,0.592,0.218},
{0.715,0.318,0.596,0.179},
{0.728,0.329,0.563,0.211},
{0.712,0.350,0.572,0.210},
{0.696,0.304,0.609,0.228},
{0.731,0.305,0.589,0.162},
{0.728,0.275,0.600,0.187},
{0.716,0.344,0.580,0.181},
{0.694,0.304,0.607,0.239},
{0.724,0.322,0.586,0.172},
{0.694,0.296,0.637,0.159},
{0.732,0.285,0.580,0.219},
{0.670,0.362,0.596,0.255},
{0.698,0.338,0.600,0.196},
{0.711,0.355,0.569,0.213},
{0.724,0.325,0.567,0.220},
{0.700,0.324,0.585,0.251},
{0.733,0.329,0.542,0.244},
{0.691,0.321,0.607,0.226},
{0.692,0.326,0.600,0.234},
{0.689,0.339,0.586,0.257},
{0.722,0.323,0.560,0.248},
{0.730,0.290,0.579,0.220},
{0.717,0.331,0.573,0.220},
{0.675,0.370,0.588,0.250},
{0.690,0.351,0.597,0.211},
